<?xml version="1.0" encoding="UTF-8"?>
<testsuite xmlns:xsi="http://www.w3.org/2001/XMLSchema-instance" xsi:noNamespaceSchemaLocation="https://maven.apache.org/surefire/maven-surefire-plugin/xsd/surefire-test-report-3.0.xsd" version="3.0" name="junit_demo.CalculatorTest" time="0.315" tests="6" errors="0" skipped="0" failures="0">
  <properties>
[...]
</properties>
  <testcase name="testAdd1" classname="junit_demo.CalculatorTest" time="0.124"/>
  <testcase name="testAdd2" classname="junit_demo.CalculatorTest" time="0.037"/>
  <testcase name="testAdd3" classname="junit_demo.CalculatorTest" time="0.014"/>
  <testcase name="testAdd4" classname="junit_demo.CalculatorTest" time="0.008"/>
  <testcase name="testAdd5" classname="junit_demo.CalculatorTest" time="0.006"/>
  <testcase name="testAdd6" classname="junit_demo.CalculatorTest" time="0.011"/>
</testsuite>